INFO:root:2021-07-17 21:12:26.147599,4001010101010101,Valid
ERROR:root:Frame 1,2021-07-17 21:12:26.261148,73d0c7e64c010101,Invalid,Data
INFO:root:2021-07-17 21:12:26.324356,0101010101010101,Valid
INFO:root:2021-07-17 21:12:26.387213,c9370e671bab5f23,Valid
INFO:root:2021-07-17 21:12:26.464896,6c01010101010101,Valid
INFO:root:2021-07-17 21:12:26.558131,64e3670101010101,Valid
ERROR:root:Frame 6,2021-07-17 21:12:26.666397,6c7c7979c26f0101,Invalid,Data
INFO:root:2021-07-17 21:12:26.728562,e820276d4dc116af,Valid
INFO:root:2021-07-17 21:12:26.790190,6041aa95c29bf401,Valid
INFO:root:2021-07-17 21:12:26.882707,fb01010101010101,Valid
INFO:root:2021-07-17 21:12:26.944789,19a76735e1a46501,Valid
ERROR:root:Frame 11,2021-07-17 21:12:27.054955,d601010101010101,Invalid,Data
INFO:root:2021-07-17 21:12:27.117261,8bb4010101010101,Valid
INFO:root:2021-07-17 21:12:27.195335,11d86e2c01010101,Valid
ERROR:root:Frame 14,2021-07-17 21:12:27.304308,2f01010101010101,Invalid,Data
INFO:root:2021-07-17 21:12:27.397923,503738ccdd9c0501,Valid
ERROR:root:Frame 16,2021-07-17 21:12:27.506209,b21adc10a9010101,Invalid,Data
ERROR:root:Frame 17,2021-07-17 21:12:27.615087,60acf50101010101,Invalid,Data
INFO:root:2021-07-17 21:12:27.678464,c31789c5fe010101,Valid
INFO:root:2021-07-17 21:12:27.740516,7114e78fb0f30101,Valid
INFO:root:2021-07-17 21:12:27.803354,0101010101010101,Valid
INFO:root:2021-07-17 21:12:27.866223,f457f90101010101,Valid
INFO:root:2021-07-17 21:12:27.928861,ac53010101010101,Valid
INFO:root:2021-07-17 21:12:28.022787,441ad9dab36138e6,Valid
INFO:root:2021-07-17 21:12:28.083901,4198adcfed010101,Valid
INFO:root:2021-07-17 21:12:28.177562,048320be26e60101,Valid
INFO:root:2021-07-17 21:12:28.240018,1201010101010101,Valid
INFO:root:2021-07-17 21:12:28.301908,1d01010101010101,Valid
INFO:root:2021-07-17 21:12:28.364123,cd01010101010101,Valid
INFO:root:2021-07-17 21:12:28.458018,4ed3e9ca01010101,Valid
ERROR:root:Frame 30,2021-07-17 21:12:28.567694,6eda0c2a45f50101,Invalid,Data
INFO:root:2021-07-17 21:12:28.629396,54a8af4a7d010101,Valid
INFO:root:2021-07-17 21:12:28.721633,7d08010101010101,Valid
ERROR:root:Frame 33,2021-07-17 21:12:28.830759,4c8eccd209265c01,Invalid,Data
INFO:root:2021-07-17 21:12:28.892877,fc27fbc3ef010101,Valid
INFO:root:2021-07-17 21:12:28.986220,ad9fec04cf6d1375,Valid
INFO:root:2021-07-17 21:12:29.063848,cc4f010101010101,Valid
INFO:root:2021-07-17 21:12:29.158861,05fecee5d5b48632,Valid
INFO:root:2021-07-17 21:12:29.220616,0beb09e9324b0701,Valid
INFO:root:2021-07-17 21:12:29.298507,ca9aa30101010101,Valid
INFO:root:2021-07-17 21:12:29.377854,431a161d37010101,Valid
INFO:root:2021-07-17 21:12:29.472771,3d7cac50ba010101,Valid
INFO:root:2021-07-17 21:12:29.535432,416f8f8a0b010101,Valid
INFO:root:2021-07-17 21:12:29.613809,0b04130101010101,Valid
INFO:root:2021-07-17 21:12:29.676477,d58e34d2e075f30c,Valid
INFO:root:2021-07-17 21:12:29.753035,b99ab14d26fb0101,Valid
INFO:root:2021-07-17 21:12:29.846195,1938aee7fb60eaab,Valid
INFO:root:2021-07-17 21:12:29.907924,4b01010101010101,Valid
INFO:root:2021-07-17 21:12:30.002421,e9272c249cef76b7,Valid
ERROR:root:Frame 49,2021-07-17 21:12:30.112819,500523eff1010101,Invalid,Data
INFO:root:2021-07-17 21:12:30.175166,073aae0101010101,Valid
INFO:root:2021-07-17 21:12:30.269790,e10d010101010101,Valid
INFO:root:2021-07-17 21:12:30.362468,4b632c0101010101,Valid
ERROR:root:Frame 53,2021-07-17 21:12:30.470889,0101010101010101,Invalid,Data
INFO:root:2021-07-17 21:12:30.548803,1201010101010101,Valid
ERROR:root:Frame 55,2021-07-17 21:12:30.656895,75768353a2fe0101,Invalid,Data
INFO:root:2021-07-17 21:12:30.735335,3ad88ff5a7cc3601,Valid
INFO:root:2021-07-17 21:12:30.796741,a10b7c6cb4fda7bd,Valid
INFO:root:2021-07-17 21:12:30.859750,e6cd010101010101,Valid
ERROR:root:Frame 59,2021-07-17 21:12:30.969381,659f54321fec2301,Invalid,Data
ERROR:root:Frame 60,2021-07-17 21:12:31.078684,6001010101010101,Invalid,Data
INFO:root:2021-07-17 21:15:16.793838,ed0b010101010101,Valid
INFO:root:2021-07-17 21:15:16.866439,0101010101010101,Valid
ERROR:root:Frame 2,2021-07-17 21:15:16.975045,d6b9897c11b96601,Invalid,Data
INFO:root:2021-07-17 21:15:17.051854,af5f010101010101,Valid
ERROR:root:Frame 4,2021-07-17 21:15:17.163155,6bba355b537097b4,Invalid,Data
INFO:root:2021-07-17 21:15:17.224458,0101010101010101,Valid
INFO:root:2021-07-17 21:15:17.317358,c0e923e614a50101,Valid
INFO:root:2021-07-17 21:15:17.410758,c3e57d5834148f13,Valid
INFO:root:2021-07-17 21:15:17.504975,d6671b74c07c2d01,Valid
ERROR:root:Frame 9,2021-07-17 21:15:17.614517,3acbaf5301010101,Invalid,Data
INFO:root:2021-07-17 21:15:17.675974,c001010101010101,Valid
ERROR:root:Frame 11,2021-07-17 21:15:17.781636,20aab1427a270101,Invalid,Data
INFO:root:2021-07-17 21:15:17.876324,0a157248fab0cc3f,Valid
INFO:root:2021-07-17 21:15:17.939091,0101010101010101,Valid
ERROR:root:Frame 14,2021-07-17 21:15:18.049941,0b48fa0101010101,Invalid,Data
INFO:root:2021-07-17 21:15:18.144286,9d92010101010101,Valid
INFO:root:2021-07-17 21:15:18.206508,6fa2500449ab3601,Valid
INFO:root:2021-07-17 21:15:18.267844,aaec6a0101010101,Valid
INFO:root:2021-07-17 21:15:18.347617,36cc3dd153ad0101,Valid
ERROR:root:Frame 19,2021-07-17 21:15:18.456001,fb01010101010101,Invalid,Data
INFO:root:2021-07-17 21:15:18.517840,0301010101010101,Valid
INFO:root:2021-07-17 21:15:18.580343,0101010101010101,Valid
INFO:root:2021-07-17 21:15:18.657279,6e822251d45e0101,Valid
INFO:root:2021-07-17 21:15:18.750308,780606c101010101,Valid
INFO:root:2021-07-17 21:15:18.828206,41ee210e01010101,Valid
INFO:root:2021-07-17 21:15:18.907361,85d378b56cbd0101,Valid
INFO:root:2021-07-17 21:15:21.847160,d1454a5f743e24a3,Valid
INFO:root:2021-07-17 21:15:21.930467,ae001024cc010101,Valid
INFO:root:2021-07-17 21:15:21.992817,0101010101010101,Valid
ERROR:root:Frame 3,2021-07-17 21:15:22.100916,3cf510b0a0078606,Invalid,Data
INFO:root:2021-07-17 21:15:22.163871,9335870a58390101,Valid
INFO:root:2021-07-17 21:15:22.257524,53ac750101010101,Valid
INFO:root:2021-07-17 21:15:22.320210,d6e9010101010101,Valid
INFO:root:2021-07-17 21:15:22.397832,38be010101010101,Valid
INFO:root:2021-07-17 21:15:22.460649,3401010101010101,Valid
INFO:root:2021-07-17 21:15:22.555322,87fc1c9bd6010101,Valid
INFO:root:2021-07-17 21:15:22.617985,2aac52af72bd781f,Valid
ERROR:root:Frame 11,2021-07-17 21:15:22.727844,e2e1010101010101,Invalid,Data
INFO:root:2021-07-17 21:15:22.806175,2ff4ed0101010101,Valid
INFO:root:2021-07-17 21:15:22.884220,969e940101010101,Valid
INFO:root:2021-07-17 21:15:22.962672,bd09010101010101,Valid
ERROR:root:Frame 15,2021-07-17 21:15:23.073793,0101010101010101,Invalid,Data
ERROR:root:Frame 16,2021-07-17 21:15:23.185264,8433f70585130101,Invalid,Data
INFO:root:2021-07-17 21:15:23.247333,181aa70101010101,Valid
ERROR:root:Frame 18,2021-07-17 21:15:23.357028,ae05c4ba2a010101,Invalid,Data
INFO:root:2021-07-17 21:15:23.418808,8d5fcdd9dbd88901,Valid
INFO:root:2021-07-17 21:15:23.497421,ad01010101010101,Valid
INFO:root:2021-07-17 21:15:23.576918,dbd1b3165cc28901,Valid
INFO:root:2021-07-17 21:15:23.637293,b3bcaf0101010101,Valid
ERROR:root:Frame 23,2021-07-17 21:15:23.746442,c232206701010101,Invalid,Data
ERROR:root:Frame 24,2021-07-17 21:15:23.856029,0101010101010101,Invalid,Data
INFO:root:2021-07-17 21:15:23.918848,8763f70101010101,Valid
INFO:root:2021-07-17 21:15:23.996563,49e0010101010101,Valid
INFO:root:2021-07-17 21:15:24.059133,8501010101010101,Valid
INFO:root:2021-07-17 21:15:24.152492,0bd380facc010101,Valid
INFO:root:2021-07-17 21:15:24.247944,dc82010101010101,Valid
ERROR:root:Frame 30,2021-07-17 21:15:24.357180,fe96b2b401010101,Invalid,Data
ERROR:root:Frame 31,2021-07-17 21:15:24.467192,6bde50dab8010101,Invalid,Data
ERROR:root:Frame 0,2021-07-17 21:15:49.144133,0101010101010101,Invalid,Data
INFO:root:2021-07-17 21:18:18.652452,9101010101010101,Valid
INFO:root:2021-07-17 21:18:18.737709,a101010101010101,Valid
INFO:root:2021-07-17 21:18:18.832131,7901010101010101,Valid
INFO:root:2021-07-17 21:18:18.910470,dd2935e5cd03632e,Valid
ERROR:root:Frame 4,2021-07-17 21:18:19.020659,40d420b16e010101,Invalid,Data
INFO:root:2021-07-17 21:18:19.114982,14247e1e01010101,Valid
INFO:root:2021-07-17 21:18:19.177151,d949410101010101,Valid
ERROR:root:Frame 7,2021-07-17 21:18:19.284714,a95b706101010101,Invalid,Data
ERROR:root:Frame 8,2021-07-17 21:18:19.392916,0101010101010101,Invalid,Data
INFO:root:2021-07-17 21:18:19.470260,5c09c2b1c2370101,Valid
INFO:root:2021-07-17 21:18:19.532782,2957a19342c99801,Valid
INFO:root:2021-07-17 21:18:19.595507,0101010101010101,Valid
INFO:root:2021-07-17 21:18:19.672833,9f089d0101010101,Valid
INFO:root:2021-07-17 21:18:19.735918,9ca1f8c801010101,Valid
INFO:root:2021-07-17 21:18:19.797422,377323fc01010101,Valid
INFO:root:2021-07-17 21:18:19.860699,36997f10e08f0101,Valid
INFO:root:2021-07-17 21:18:19.954466,7afd3fb001010101,Valid
INFO:root:2021-07-17 21:18:20.049374,9ae632bb01010101,Valid
INFO:root:2021-07-17 21:18:20.142233,2ea5720101010101,Valid
INFO:root:2021-07-17 21:18:20.203961,42ef010101010101,Valid
ERROR:root:Frame 20,2021-07-17 21:18:20.314351,9601010101010101,Invalid,Data
INFO:root:2021-07-17 21:18:20.409188,777e360101010101,Valid
ERROR:root:Frame 22,2021-07-17 21:18:20.519080,0101010101010101,Invalid,Data
ERROR:root:Frame 23,2021-07-17 21:18:20.628902,c5cfdc0101010101,Invalid,Data
INFO:root:2021-07-17 21:18:20.723862,5f7fa90101010101,Valid
INFO:root:2021-07-17 21:18:20.787692,f2d41cee7ec90101,Valid
INFO:root:2021-07-17 21:18:20.882898,0101010101010101,Valid
INFO:root:2021-07-17 21:18:20.976770,987be5f3c7010101,Valid
ERROR:root:Frame 28,2021-07-17 21:18:21.087935,5dc8f40101010101,Invalid,Data
INFO:root:2021-07-17 21:18:21.150411,3301010101010101,Valid
ERROR:root:Frame 30,2021-07-17 21:18:21.260787,cc4c010101010101,Invalid,Data
INFO:root:2021-07-17 21:18:21.337630,d88fdfe97a010101,Valid
INFO:root:2021-07-17 21:18:21.400350,f363ebad01010101,Valid
INFO:root:2021-07-17 21:18:21.493461,c699790b2be20101,Valid
INFO:root:2021-07-17 21:18:21.556517,6946808988f60101,Valid
ERROR:root:Frame 35,2021-07-17 21:18:21.667766,a962d18f20010101,Invalid,Data
INFO:root:2021-07-17 21:18:21.761307,e2d4f70101010101,Valid
INFO:root:2021-07-17 21:18:21.822905,0101010101010101,Valid
INFO:root:2021-07-17 21:18:21.886690,c6b160359061a475,Valid
INFO:root:2021-07-17 21:18:21.981790,40b5890101010101,Valid
INFO:root:2021-07-17 21:18:22.059789,4b2f8fb8d248b501,Valid
INFO:root:2021-07-17 21:18:22.154996,3901010101010101,Valid
INFO:root:2021-07-17 21:18:22.218023,c201010101010101,Valid
INFO:root:2021-07-17 21:18:22.311705,d2db8cfde3ba0c01,Valid
INFO:root:2021-07-17 21:18:22.406557,0101010101010101,Valid
ERROR:root:Frame 45,2021-07-17 21:18:22.515005,1300010101010101,Invalid,Data
ERROR:root:Frame 46,2021-07-17 21:18:22.624948,02bb200101010101,Invalid,Data
INFO:root:2021-07-17 21:18:22.719406,0a09d10a51f40101,Valid
INFO:root:2021-07-17 21:32:42.425895,38b231d501010101,Valid
INFO:root:2021-07-17 21:32:42.525669,2559024c01010101,Valid
INFO:root:2021-07-17 21:32:42.587980,8601010101010101,Valid
ERROR:root:Frame 3,2021-07-17 21:32:42.691285,95755d60ba3b2e01,Invalid,Data
ERROR:root:Frame 4,2021-07-17 21:32:42.805942,0f0061cfa3076901,Invalid,Data
INFO:root:2021-07-17 21:32:42.859531,fb30383dd70d0201,Valid
INFO:root:2021-07-17 21:32:42.929797,7a78a50f58bd0101,Valid
INFO:root:2021-07-17 21:32:43.029394,45816724cd56af01,Valid
ERROR:root:Frame 8,2021-07-17 21:32:43.142494,c5d3cc8101010101,Invalid,Data
INFO:root:2021-07-17 21:32:43.242050,200604fe68010101,Valid
INFO:root:2021-07-17 21:32:43.325651,9ad8a5c45e6119e8,Valid
ERROR:root:Frame 11,2021-07-17 21:32:43.436986,623c317201010101,Invalid,Data
ERROR:root:Frame 12,2021-07-17 21:32:43.548738,8fb2ed49a07aa60a,Invalid,Data
INFO:root:2021-07-17 21:32:43.611194,f215930101010101,Valid
ERROR:root:Frame 14,2021-07-17 21:32:43.728927,e0908f0101010101,Invalid,Data
INFO:root:2021-07-17 21:32:43.822387,0101010101010101,Valid
ERROR:root:Frame 16,2021-07-17 21:32:43.924764,76a2809acf4d0101,Invalid,Data
INFO:root:2021-07-17 21:32:43.992280,2bee010101010101,Valid
INFO:root:2021-07-17 21:32:44.074654,59661f1569722501,Valid
ERROR:root:Frame 19,2021-07-17 21:32:44.175905,0e603c0101010101,Invalid,Data
INFO:root:2021-07-17 21:32:44.270778,bde6010101010101,Valid
INFO:root:2021-07-17 21:32:44.336372,dc01010101010101,Valid
INFO:root:2021-07-17 21:32:44.408654,7ce074335cc70101,Valid
ERROR:root:Frame 23,2021-07-17 21:32:44.523379,0101010101010101,Invalid,Data
INFO:root:2021-07-17 21:32:44.588452,cca2010101010101,Valid
INFO:root:2021-07-17 21:32:44.654611,82c96b86e2010101,Valid
INFO:root:2021-07-17 21:32:44.725950,6801010101010101,Valid
INFO:root:2021-07-17 21:32:44.811065,a4327e6f01010101,Valid
INFO:root:2021-07-17 21:32:44.908181,c36335b8e5ce8449,Valid
INFO:root:2021-07-17 21:32:44.974879,e270c10f01010101,Valid
ERROR:root:Frame 30,2021-07-17 21:32:45.075916,9c6e92d2eca48001,Invalid,Data
ERROR:root:Frame 31,2021-07-17 21:32:45.176183,4c017682a97081fe,Invalid,Data
INFO:root:2021-07-17 21:32:45.258016,73cb848764153fb6,Valid
INFO:root:2021-07-17 21:32:45.340744,bb796c3b01010101,Valid
ERROR:root:Frame 34,2021-07-17 21:32:45.440751,b40ec78e01010101,Invalid,Data
INFO:root:2021-07-17 21:32:45.527212,977e0ba89359d552,Valid
INFO:root:2021-07-17 21:32:45.592641,6cdb346cc4adfe01,Valid
INFO:root:2021-07-17 21:32:45.692528,0ec3010101010101,Valid
INFO:root:2021-07-17 21:32:45.759218,0101010101010101,Valid
INFO:root:2021-07-17 21:32:45.859085,9bc2010101010101,Valid
INFO:root:2021-07-17 21:32:45.926338,8e9ce5ba47b56263,Valid
INFO:root:2021-07-17 21:32:45.993027,65b5b5cc01010101,Valid
INFO:root:2021-07-17 21:32:46.075387,6ace96683c010101,Valid
ERROR:root:Frame 43,2021-07-17 21:32:46.191999,45e7962201010101,Invalid,Data
INFO:root:2021-07-17 21:34:12.024255,fb31010101010101,Valid
INFO:root:2021-07-17 21:34:12.114408,0101010101010101,Valid
ERROR:root:Frame 2,2021-07-17 21:34:12.225631,577c97e401010101,Invalid,Rate
INFO:root:2021-07-17 21:34:12.291240,3e2268f95f9e0d01,Valid
INFO:root:2021-07-17 21:34:12.359030,58b0e2e8b0b40101,Valid
INFO:root:2021-07-17 21:34:12.431014,22243065d5010101,Valid
ERROR:root:Frame 6,2021-07-17 21:34:12.540504,9ac8cbd0da5805dd,Invalid,Rate
INFO:root:2021-07-17 21:34:12.630792,4bacbab801010101,Valid
INFO:root:2021-07-17 21:34:12.712923,4e53680101010101,Valid
INFO:root:2021-07-17 21:34:12.797266,8d3900e874410501,Valid
INFO:root:2021-07-17 21:34:12.896102,52559de001010101,Valid
ERROR:root:Frame 11,2021-07-17 21:34:12.997296,a781c3ba01010101,Invalid,Rate and Length
INFO:root:2021-07-17 21:34:13.057462,0a668a0101010101,Valid
ERROR:root:Frame 13,2021-07-17 21:34:13.163903,22e9031a88fa1301,Invalid,Rate
INFO:root:2021-07-17 21:34:13.249503,51204a8933366201,Valid
INFO:root:2021-07-17 21:34:13.348219,0f354b70715a0101,Valid
ERROR:root:Frame 16,2021-07-17 21:34:13.452688,adb076b601010101,Invalid,Rate
INFO:root:2021-07-17 21:34:13.514816,4dae2280d0269501,Valid
INFO:root:2021-07-17 21:34:13.592933,4661010101010101,Valid
INFO:root:2021-07-17 21:34:13.680197,0101010101010101,Valid
ERROR:root:Frame 20,2021-07-17 21:34:13.785356,0101010101010101,Invalid,Rate
INFO:root:2021-07-17 21:34:13.879855,0901010101010101,Valid
INFO:root:2021-07-17 21:34:13.967671,1bda03119b010101,Valid
INFO:root:2021-07-17 21:34:14.030488,7a7e19818d010101,Valid
INFO:root:2021-07-17 21:34:14.115538,cb01010101010101,Valid
INFO:root:2021-07-17 21:34:14.196847,7bfcd00101010101,Valid
ERROR:root:Frame 26,2021-07-17 21:34:14.314696,aff6b3efa4244a89,Invalid,Rate
ERROR:root:Frame 27,2021-07-17 21:34:14.428266,c4dd680101010101,Invalid,Rate
ERROR:root:Frame 28,2021-07-17 21:34:14.493130,c67df1c8212cac22,Invalid,Length
ERROR:root:Frame 29,2021-07-17 21:34:14.591639,ef26d4add4010101,Invalid,Length
INFO:root:2021-07-17 21:34:14.680246,48982b0bf1222998,Valid
INFO:root:2021-07-17 21:34:14.764674,4bf04cf721630101,Valid
INFO:root:2021-07-17 21:34:14.863848,022d87a337e51d01,Valid
INFO:root:2021-07-17 21:34:14.931536,c301010101010101,Valid
INFO:root:2021-07-17 21:34:14.997032,9e21e5ab76443401,Valid
INFO:root:2021-07-17 21:34:15.079537,4d01010101010101,Valid
ERROR:root:Frame 36,2021-07-17 21:34:15.179903,c845d50101010101,Invalid,Rate
INFO:root:2021-07-17 21:34:15.247518,9ba7b1d3a7010101,Valid
INFO:root:2021-07-17 21:34:15.315355,0101010101010101,Valid
INFO:root:2021-07-17 21:34:15.400700,df7f6fc28a400101,Valid
ERROR:root:Frame 40,2021-07-17 21:34:15.514739,8ea5ed4cd0010101,Invalid,Rate and Length
INFO:root:2021-07-17 21:34:15.578174,3301010101010101,Valid
ERROR:root:Frame 42,2021-07-17 21:34:15.679163,99b48e77edcd9501,Invalid,Rate
INFO:root:2021-07-17 21:34:15.763611,418196e901010101,Valid
INFO:root:2021-07-17 21:34:15.830733,ad01010101010101,Valid
INFO:root:2021-07-17 21:34:15.913085,63d5070101010101,Valid
ERROR:root:Frame 46,2021-07-17 21:34:16.026799,1b00e560f93cc001,Invalid,Rate
ERROR:root:Frame 47,2021-07-17 21:34:16.096940,fe51c6a401010101,Invalid,Length
ERROR:root:Frame 48,2021-07-17 21:34:16.197042,f901010101010101,Invalid,Rate
ERROR:root:Frame 49,2021-07-17 21:34:16.314716,bad5010101010101,Invalid,Rate
INFO:root:2021-07-17 21:40:39.717539,c300cb30b4c3e407,Valid
INFO:root:2021-07-17 21:40:39.806178,91188b0946d4bf01,Valid
ERROR:root:Frame 2,2021-07-17 21:40:39.890690,6bb8f17101010101,Invalid,Data
ERROR:root:Frame 3,2021-07-17 21:40:39.991195,92e38acec4fd0101,Invalid,Rate and Data
ERROR:root:Frame 4,2021-07-17 21:40:40.072268,03ceb9f75b240101,Invalid,Data
ERROR:root:Frame 5,2021-07-17 21:40:40.185197,135434eff3700101,Invalid,Rate, Length and Data
ERROR:root:Frame 6,2021-07-17 21:40:40.289130,0101010101010101,Invalid,Rate
ERROR:root:Frame 7,2021-07-17 21:40:40.391168,7ebb7db1882a387d,Invalid,Rate and Data
ERROR:root:Frame 8,2021-07-17 21:40:40.499768,401a9f1cdf4c3101,Invalid,Rate and Data
ERROR:root:Frame 9,2021-07-17 21:40:40.595173,8ca7ed979bf50101,Invalid,length and Data
ERROR:root:Frame 10,2021-07-17 21:40:40.706517,91e1010101010101,Invalid,Rate and Data
ERROR:root:Frame 11,2021-07-17 21:40:40.818688,8f28151dcfd8ba01,Invalid,Rate and Data
ERROR:root:Frame 12,2021-07-17 21:40:40.907288,5b1a1a35a38d8c01,Invalid,Data
INFO:root:2021-07-17 21:40:40.993506,0101010101010101,Valid
ERROR:root:Frame 14,2021-07-17 21:40:41.088231,ad6f42d5b0fd0101,Invalid,Data
ERROR:root:Frame 15,2021-07-17 21:40:41.205065,7ca80f0101010101,Invalid,Rate and Data
ERROR:root:Frame 16,2021-07-17 21:40:41.301229,55962451b2010101,Invalid,Data
ERROR:root:Frame 17,2021-07-17 21:40:41.367373,25f250d170d3b301,Invalid,Data
ERROR:root:Frame 18,2021-07-17 21:40:41.456564,2ff6010101010101,Invalid,Data
ERROR:root:Frame 19,2021-07-17 21:40:41.557733,5070609160311201,Invalid,Rate and Data
ERROR:root:Frame 20,2021-07-17 21:40:41.655508,f900010101010101,Invalid,length and Data
ERROR:root:Frame 21,2021-07-17 21:40:41.754435,12f18515c30f0101,Invalid,Data
ERROR:root:Frame 22,2021-07-17 21:40:41.819520,56bb4f5965821301,Invalid,Data
ERROR:root:Frame 23,2021-07-17 21:40:41.931881,1421f83c20fc0101,Invalid,Rate and Data
ERROR:root:Frame 24,2021-07-17 21:40:42.011885,882510b456c25501,Invalid,Data
ERROR:root:Frame 25,2021-07-17 21:40:42.068475,f66d328901010101,Invalid,Data
INFO:root:2021-07-17 21:40:42.150032,0101010101010101,Valid
ERROR:root:Frame 27,2021-07-17 21:40:42.215490,49354407a2058401,Invalid,Data
INFO:root:2021-07-17 21:40:42.282152,0101010101010101,Valid
ERROR:root:Frame 29,2021-07-17 21:40:42.394542,7dd3010101010101,Invalid,Rate and Data
ERROR:root:Frame 30,2021-07-17 21:40:42.497401,2c81b84101010101,Invalid,Rate and Data
ERROR:root:Frame 31,2021-07-17 21:40:42.572901,f9412c6f6372c901,Invalid,Data
ERROR:root:Frame 32,2021-07-17 21:40:42.625214,c10adc4b32cccd01,Invalid,Data
ERROR:root:Frame 33,2021-07-17 21:40:42.689959,b40ff20101010101,Invalid,Data
ERROR:root:Frame 34,2021-07-17 21:40:42.772256,a6cd0b942ed00101,Invalid,Data
ERROR:root:Frame 35,2021-07-17 21:40:42.838771,e2beb169821b0101,Invalid,Data
ERROR:root:Frame 36,2021-07-17 21:40:42.919244,40bc010101010101,Invalid,Data
ERROR:root:Frame 37,2021-07-17 21:40:43.006170,215062beffdba44b,Invalid,Data
INFO:root:2021-07-17 21:41:03.482050,ce2e3a4437010101,Valid
ERROR:root:Frame 1,2021-07-17 21:41:03.532910,1001010101010101,Invalid,Data
ERROR:root:Frame 2,2021-07-17 21:41:03.600184,7b25a1923c4b0101,Invalid,Data
INFO:root:2021-07-17 21:41:03.673163,0f01010101010101,Valid
ERROR:root:Frame 4,2021-07-17 21:41:03.788563,e47a010101010101,Invalid,Rate and Data
INFO:root:2021-07-17 21:41:03.884572,7725b00101010101,Valid
ERROR:root:Frame 6,2021-07-17 21:41:03.963019,e43f0bf033010101,Invalid,Data
INFO:root:2021-07-17 21:41:04.036690,0101010101010101,Valid
INFO:root:2021-07-17 21:41:04.106859,0101010101010101,Valid
ERROR:root:Frame 9,2021-07-17 21:41:04.208940,6aaf010101010101,Invalid,Rate and Data
ERROR:root:Frame 10,2021-07-17 21:41:04.273534,798bdb4e01010101,Invalid,Data
ERROR:root:Frame 11,2021-07-17 21:41:04.378995,048e7c9401010101,Invalid,Rate and Data
ERROR:root:Frame 12,2021-07-17 21:41:04.442485,6101010101010101,Invalid,Data
ERROR:root:Frame 13,2021-07-17 21:41:04.524032,3c78250101010101,Invalid,Data
ERROR:root:Frame 14,2021-07-17 21:41:04.641280,7e60010101010101,Invalid,Rate and Data
INFO:root:2021-07-17 21:41:04.708664,0101010101010101,Valid
ERROR:root:Frame 16,2021-07-17 21:41:04.789174,6fdf010101010101,Invalid,length and Data
ERROR:root:Frame 17,2021-07-17 21:41:04.868229,0e09a25d1239c201,Invalid,Data
ERROR:root:Frame 18,2021-07-17 21:41:04.975891,a6e8010101010101,Invalid,Rate and Data
ERROR:root:Frame 19,2021-07-17 21:41:05.036062,9c8aa6e465010101,Invalid,Data
ERROR:root:Frame 20,2021-07-17 21:41:05.106821,18c0010101010101,Invalid,Data
ERROR:root:Frame 21,2021-07-17 21:41:05.190628,1ea3e8e301010101,Invalid,Data
ERROR:root:Frame 22,2021-07-17 21:41:05.271481,97885c7342010101,Invalid,Data
ERROR:root:Frame 23,2021-07-17 21:41:05.333504,f5d9099d01010101,Invalid,Data
ERROR:root:Frame 24,2021-07-17 21:41:05.426303,a6ca010101010101,Invalid,Data
ERROR:root:Frame 25,2021-07-17 21:41:05.521239,20c515012c374e01,Invalid,Data
ERROR:root:Frame 26,2021-07-17 21:41:05.602317,397fe29d01010101,Invalid,Data
ERROR:root:Frame 27,2021-07-17 21:41:05.702819,4922c82901010101,Invalid,Rate, Length and Data
ERROR:root:Frame 28,2021-07-17 21:41:05.807005,0101010101010101,Invalid,Rate
ERROR:root:Frame 29,2021-07-17 21:41:05.891822,d8d2e10101010101,Invalid,Data
ERROR:root:Frame 30,2021-07-17 21:41:05.947825,47a1912b08b95abd,Invalid,Data
ERROR:root:Frame 31,2021-07-17 21:41:06.031097,a635f69e2ba5ad01,Invalid,Data
ERROR:root:Frame 32,2021-07-17 21:41:06.122475,d90598dd01010101,Invalid,length and Data
ERROR:root:Frame 33,2021-07-17 21:41:06.191097,2a17bb8a7822a448,Invalid,Data
INFO:root:2021-07-17 21:41:25.856826,f743210101010101,Valid
ERROR:root:Frame 1,2021-07-17 21:42:52.629515,24b8b6802432665c,Invalid,Rate
INFO:root:2021-07-17 21:43:43.555052,da5a698e01010101,Valid
INFO:root:2021-07-17 21:46:26.447278,34a9010101010101,Valid
ERROR:root:Frame 1,2021-07-17 21:46:26.554013,de9b8a0101010101,Invalid,Rate
INFO:root:2021-07-17 21:46:26.617901,b1c316c0d3527b01,Valid
INFO:root:2021-07-17 21:46:26.697682,2b436bd901010101,Valid
INFO:root:2021-07-17 21:46:26.759212,2cca010101010101,Valid
INFO:root:2021-07-17 21:46:26.829434,b9d8010101010101,Valid
INFO:root:2021-07-17 21:46:26.896682,1ccc4c8ffc4c0101,Valid
INFO:root:2021-07-17 21:46:26.993254,b9b2010101010101,Valid
ERROR:root:Frame 8,2021-07-17 21:46:27.093599,0101010101010101,Invalid,Rate
INFO:root:2021-07-17 21:46:27.143992,0101010101010101,Valid
ERROR:root:Frame 10,2021-07-17 21:46:27.254778,b4216e0101010101,Invalid,Rate
ERROR:root:Frame 11,2021-07-17 21:46:27.327423,0101010101010101,Invalid,Length
INFO:root:2021-07-17 21:46:27.393334,47ba9742fad10101,Valid
ERROR:root:Frame 13,2021-07-17 21:46:27.446271,120e82651a830101,Invalid,Length
INFO:root:2021-07-17 21:46:27.509332,ec0fa67277e6696f,Valid
INFO:root:2021-07-17 21:46:27.577362,733b600101010101,Valid
INFO:root:2021-07-17 21:46:27.660377,ed01010101010101,Valid
INFO:root:2021-07-17 21:46:27.712133,0b58010101010101,Valid
INFO:root:2021-07-17 21:46:27.776183,8775855401010101,Valid
INFO:root:2021-07-17 21:46:27.859589,47d158ea6c010101,Valid
INFO:root:2021-07-17 21:46:27.910108,eed5644385de6701,Valid
ERROR:root:Frame 21,2021-07-17 21:46:28.022702,41f1010101010101,Invalid,Rate
INFO:root:2021-07-17 21:46:28.120289,0101010101010101,Valid
INFO:root:2021-07-17 21:46:28.193058,422c00f85974f801,Valid
INFO:root:2021-07-17 21:46:28.292876,ca27010101010101,Valid
INFO:root:2021-07-17 21:46:28.377401,3ac84a0101010101,Valid
INFO:root:2021-07-17 21:46:28.472987,09d38628d5677901,Valid
INFO:root:2021-07-17 21:46:28.523608,0101010101010101,Valid
INFO:root:2021-07-17 21:46:28.609174,e87c3af701010101,Valid
ERROR:root:Frame 29,2021-07-17 21:46:28.712710,39215db528df3243,Invalid,Rate
INFO:root:2021-07-17 21:46:28.787607,6fb8dacab4010101,Valid
INFO:root:2021-07-17 21:46:28.854395,cfcdff1001010101,Valid
INFO:root:2021-07-17 21:46:28.916263,0101010101010101,Valid
INFO:root:2021-07-17 21:46:28.992947,6ccf0b5877010101,Valid
INFO:root:2021-07-17 21:46:29.087608,594cbaff1565a101,Valid
INFO:root:2021-07-17 21:46:29.159608,0101010101010101,Valid
ERROR:root:Frame 36,2021-07-17 21:46:29.276093,76871c167cdb0101,Invalid,Rate
INFO:root:2021-07-17 21:46:29.340834,5096240d95e5ca01,Valid
ERROR:root:Frame 38,2021-07-17 21:46:29.443222,b33eec25db680101,Invalid,Rate and Length
INFO:root:2021-07-17 21:46:29.527685,0101010101010101,Valid
ERROR:root:Frame 40,2021-07-17 21:46:29.626523,569a2556dc260401,Invalid,Length
ERROR:root:Frame 41,2021-07-17 21:46:29.742286,59820aeea3e7f301,Invalid,Rate
INFO:root:2021-07-17 21:46:29.808363,596a970e3b2a9201,Valid
INFO:root:2021-07-17 21:46:29.869957,0101010101010101,Valid
INFO:root:2021-07-17 21:46:29.962164,7001010101010101,Valid
INFO:root:2021-07-17 21:46:30.027486,f1b4da0101010101,Valid
ERROR:root:Frame 46,2021-07-17 21:46:30.142975,cba49b0913010101,Invalid,Rate
ERROR:root:Frame 47,2021-07-17 21:46:30.248372,54cc3d270a130101,Invalid,Rate
INFO:root:2021-07-17 21:46:30.340662,c2fbeddd8f010101,Valid
INFO:root:2021-07-17 21:46:30.426391,91dfe13a01010101,Valid
ERROR:root:Frame 0,2021-07-17 21:47:04.372152,9261967617e40101,Invalid,Data
ERROR:root:Frame 1,2021-07-17 21:47:04.428396,dda56ec15845c601,Invalid,Data
INFO:root:2021-07-17 21:47:04.495700,b8c51f0101010101,Valid
ERROR:root:Frame 3,2021-07-17 21:47:04.562839,0cc38802423e0101,Invalid,Data
ERROR:root:Frame 4,2021-07-17 21:47:04.663048,4701010101010101,Invalid,Rate
ERROR:root:Frame 5,2021-07-17 21:47:04.766358,3995b3655519d8a0,Invalid,Rate and Data
ERROR:root:Frame 6,2021-07-17 21:47:04.833394,913cedf9df3b0101,Invalid,Data
INFO:root:2021-07-17 21:47:04.896003,31a689b443010101,Valid
ERROR:root:Frame 8,2021-07-17 21:47:04.971925,f60c6e5c379b0101,Invalid,length and Data
INFO:root:2021-07-17 21:47:05.045132,0101010101010101,Valid
ERROR:root:Frame 10,2021-07-17 21:47:05.129239,27b8ae8b5e97b801,Invalid,Data
ERROR:root:Frame 11,2021-07-17 21:47:05.211775,0b7c12ca79250101,Invalid,Data
INFO:root:2021-07-17 21:47:05.278475,32c3880101010101,Valid
INFO:root:2021-07-17 21:47:05.362377,1247663c99010101,Valid
ERROR:root:Frame 14,2021-07-17 21:47:05.478452,a2dd5a21bc22f3e3,Invalid,Rate and Data
ERROR:root:Frame 15,2021-07-17 21:47:05.578465,b28230c84522acbf,Invalid,Rate and Data
ERROR:root:Frame 16,2021-07-17 21:47:05.678455,22e237018c360101,Invalid,Data
ERROR:root:Frame 17,2021-07-17 21:47:05.762032,6c16899f3e8c7601,Invalid,Data
INFO:root:2021-07-17 21:47:05.814108,57f4536276010101,Valid
INFO:root:2021-07-17 21:47:05.912345,9929bb0001010101,Valid
ERROR:root:Frame 20,2021-07-17 21:47:05.978869,9e8fd3a801010101,Invalid,Length
ERROR:root:Frame 21,2021-07-17 21:47:06.046312,cecdfdd9e6f8ee01,Invalid,Data
INFO:root:2021-07-17 21:47:06.113211,1505010101010101,Valid
INFO:root:2021-07-17 21:47:06.174517,0101010101010101,Valid
ERROR:root:Frame 24,2021-07-17 21:47:06.289345,420ae54e01010101,Invalid,Rate
INFO:root:2021-07-17 21:47:06.351759,647f0a4c01010101,Valid
INFO:root:2021-07-17 21:47:06.450028,e101010101010101,Valid
ERROR:root:Frame 27,2021-07-17 21:47:06.563620,a301010101010101,Invalid,Rate
ERROR:root:Frame 28,2021-07-17 21:47:06.644479,374dfb1bce8b885b,Invalid,Data
INFO:root:2021-07-17 21:47:06.728519,8acf54f2bb010101,Valid
INFO:root:2021-07-17 21:47:06.813052,1b19110101010101,Valid
INFO:root:2021-07-17 21:47:06.893797,0101010101010101,Valid
ERROR:root:Frame 32,2021-07-17 21:47:06.959693,a64c107f1f5006ed,Invalid,Data
INFO:root:2021-07-17 21:47:07.029938,6a764d7907010101,Valid
ERROR:root:Frame 34,2021-07-17 21:47:07.128895,f0997fd86b05eb01,Invalid,Data
ERROR:root:Frame 35,2021-07-17 21:47:07.228547,01c6dda5ccf4ae01,Invalid,length and Data
INFO:root:2021-07-17 21:47:07.294839,5101010101010101,Valid
INFO:root:2021-07-17 21:47:07.387780,0ab3010101010101,Valid
INFO:root:2021-07-17 21:47:07.474547,04e65def01010101,Valid
INFO:root:2021-07-17 21:47:07.528978,7cc5b35401010101,Valid
ERROR:root:Frame 40,2021-07-17 21:47:07.611005,cfee686382800101,Invalid,Data
ERROR:root:Frame 41,2021-07-17 21:47:07.676783,ae0748df358041cd,Invalid,Data
ERROR:root:Frame 42,2021-07-17 21:47:07.758647,f43adcb3f3840101,Invalid,length and Data
INFO:root:2021-07-17 21:47:07.812867,a801010101010101,Valid
ERROR:root:Frame 44,2021-07-17 21:47:07.929398,741907fd0c0432e2,Invalid,Rate, Length and Data
INFO:root:2021-07-17 21:47:08.025875,0ab8eabaa6010101,Valid
ERROR:root:Frame 46,2021-07-17 21:47:08.107166,94e3e523b871bc6a,Invalid,length and Data
INFO:root:2021-07-17 21:47:08.173372,bfd7010101010101,Valid
ERROR:root:Frame 48,2021-07-17 21:47:08.279523,4646496c6ab07685,Invalid,Rate and Data
ERROR:root:Frame 49,2021-07-17 21:47:08.379822,785a0e6d6f010101,Invalid,Rate and Length
INFO:root:2021-07-17 21:47:08.464194,0101010101010101,Valid
ERROR:root:Frame 51,2021-07-17 21:47:08.579154,029c030101010101,Invalid,Rate
ERROR:root:Frame 52,2021-07-17 21:47:08.629488,089132fe41683aed,Invalid,Data
INFO:root:2021-07-17 21:47:08.711525,a1d0de0101010101,Valid
INFO:root:2021-07-17 21:47:38.743267,db4edd8bcfeb0101,Valid
INFO:root:2021-07-17 21:47:38.816455,ad01010101010101,Valid
INFO:root:2021-07-17 21:47:38.880714,9801010101010101,Valid
INFO:root:2021-07-17 21:47:38.945100,27b17caf01010101,Valid
INFO:root:2021-07-17 21:47:39.030493,24b1010101010101,Valid
INFO:root:2021-07-17 21:47:39.114267,b26a0a26afa0546f,Valid
INFO:root:2021-07-17 21:47:39.197387,798210d039dc0101,Valid
INFO:root:2021-07-17 21:47:39.280804,4d78010101010101,Valid
INFO:root:2021-07-17 21:47:39.331840,26d2cab8e6567301,Valid
INFO:root:2021-07-17 21:47:39.431581,4ad4334033010101,Valid
INFO:root:2021-07-17 21:47:39.526676,0101010101010101,Valid
ERROR:root:Frame 11,2021-07-17 21:47:39.631669,688bcf7658600db5,Invalid,Rate
INFO:root:2021-07-17 21:47:39.729745,92885f951e7a0101,Valid
INFO:root:2021-07-17 21:47:39.823777,0101010101010101,Valid
INFO:root:2021-07-17 21:47:39.881537,88f9dd6ddbd03401,Valid
INFO:root:2021-07-17 21:47:39.947419,863d3c47de730101,Valid
INFO:root:2021-07-17 21:47:40.031696,bcdb010101010101,Valid
INFO:root:2021-07-17 21:47:40.129350,baa66d8447112b01,Valid
INFO:root:2021-07-17 21:47:40.182509,070aa5b7987fa7cc,Valid
INFO:root:2021-07-17 21:47:40.267017,a501010101010101,Valid
INFO:root:2021-07-17 21:47:40.330527,8432f361a8674b01,Valid
ERROR:root:Frame 21,2021-07-17 21:47:40.414283,e80ecb0d3780f301,Invalid,Length
ERROR:root:Frame 22,2021-07-17 21:47:40.488043,094201b754ab0101,Invalid,Data
INFO:root:2021-07-17 21:47:40.556504,1a2261ed852d0401,Valid
INFO:root:2021-07-17 21:47:40.614452,9438290101010101,Valid
INFO:root:2021-07-17 21:47:40.707777,3cc6010101010101,Valid
INFO:root:2021-07-17 21:47:40.781405,35959c4b3d560101,Valid
INFO:root:2021-07-17 21:47:40.863436,6db6010101010101,Valid
INFO:root:2021-07-17 21:47:40.930384,1a68c44601010101,Valid
INFO:root:2021-07-17 21:47:40.986683,0101010101010101,Valid
INFO:root:2021-07-17 21:47:41.046889,fae434e27f88ec01,Valid
INFO:root:2021-07-17 21:47:41.098010,0101010101010101,Valid
INFO:root:2021-07-17 21:47:41.163911,f701010101010101,Valid
ERROR:root:Frame 33,2021-07-17 21:47:41.264566,0101010101010101,Invalid,Rate
INFO:root:2021-07-17 21:47:41.363898,76939f235c12b48b,Valid
INFO:root:2021-07-17 21:47:41.446554,b7232aa92749eae7,Valid
INFO:root:2021-07-17 21:47:41.497744,6600eacce04d8401,Valid
INFO:root:2021-07-17 21:47:41.580360,29f9006001010101,Valid
INFO:root:2021-07-17 21:47:41.670538,c28a60b893010101,Valid
ERROR:root:Frame 39,2021-07-17 21:47:41.781767,0101010101010101,Invalid,Rate
INFO:root:2021-07-17 21:47:41.848332,b9b4010101010101,Valid
ERROR:root:Frame 41,2021-07-17 21:47:41.951863,f261de2379010101,Invalid,Rate
INFO:root:2021-07-17 21:47:42.027145,0101010101010101,Valid
ERROR:root:Frame 43,2021-07-17 21:47:42.131896,315c087be2650101,Invalid,Rate
INFO:root:2021-07-17 21:47:42.215641,a51ffb1601010101,Valid
ERROR:root:Frame 45,2021-07-17 21:47:42.330653,c283cff741509e01,Invalid,Rate
ERROR:root:Frame 46,2021-07-17 21:47:42.431324,d46f96118d1c0101,Invalid,Rate
INFO:root:2021-07-17 21:47:42.495204,7bb432bc01010101,Valid
INFO:root:2021-07-17 21:47:42.580572,0101010101010101,Valid
ERROR:root:Frame 49,2021-07-17 21:47:42.681054,89ec010101010101,Invalid,Rate
INFO:root:2021-07-17 21:47:42.780375,1c7282868bb37001,Valid
ERROR:root:Frame 51,2021-07-17 21:47:42.880680,0101010101010101,Invalid,Rate
ERROR:root:Frame 52,2021-07-17 21:47:42.981383,c7123b487118dc82,Invalid,Rate
ERROR:root:Frame 53,2021-07-17 21:47:43.097464,22492ad9734f0101,Invalid,Rate
INFO:root:2021-07-17 21:47:43.189994,0101010101010101,Valid
INFO:root:2021-07-17 21:47:43.265220,0351b7c901010101,Valid
INFO:root:2021-07-17 21:47:43.331909,9b165a9fa008d611,Valid
INFO:root:2021-07-17 21:47:43.413162,5a07690101010101,Valid
INFO:root:2021-07-17 21:47:43.496130,0101010101010101,Valid
INFO:root:2021-07-17 21:47:43.559606,180904c573270101,Valid
INFO:root:2021-07-17 21:47:43.653925,156411f641c01baf,Valid
INFO:root:2021-07-17 21:47:43.725733,ba5c010101010101,Valid
INFO:root:2021-07-17 21:47:43.780730,2dbc5e0101010101,Valid
INFO:root:2021-07-17 21:47:43.865195,3fef010101010101,Valid
ERROR:root:Frame 64,2021-07-17 21:47:43.947464,70ce010101010101,Invalid,Length
INFO:root:2021-07-17 21:47:44.022870,d301010101010101,Valid
ERROR:root:Frame 66,2021-07-17 21:47:44.137708,ec4662ee8c010101,Invalid,Rate
INFO:root:2021-07-17 21:47:44.214613,6e542e5287d40101,Valid
INFO:root:2021-07-17 21:47:44.297932,d9a4880101010101,Valid
INFO:root:2021-07-17 21:47:44.381202,a9fe45116344b001,Valid
INFO:root:2021-07-17 21:47:44.463884,1301010101010101,Valid
INFO:root:2021-07-17 21:47:44.514030,b2cc428201010101,Valid
ERROR:root:Frame 72,2021-07-17 21:47:44.565296,b8d7eb5dbf2c4c01,Invalid,Length
ERROR:root:Frame 73,2021-07-17 21:47:44.667887,da01010101010101,Invalid,Rate
INFO:root:2021-07-17 21:47:44.732073,098c0a5830fa0101,Valid
INFO:root:2021-07-17 21:47:44.797472,e378376e01010101,Valid
INFO:root:2021-07-17 21:47:44.881044,7deca53268cc3801,Valid
INFO:root:2021-07-17 21:47:44.934056,7f11010101010101,Valid
INFO:root:2021-07-17 21:47:44.997453,0101010101010101,Valid
INFO:root:2021-07-17 21:47:45.080909,4e0051af87010101,Valid
INFO:root:2021-07-17 21:47:45.147224,17221fbe91b75e01,Valid
INFO:root:2021-07-17 21:47:45.214156,605e72f451010101,Valid
INFO:root:2021-07-17 21:47:45.297534,8ac0cadc8a469c01,Valid
INFO:root:2021-07-17 21:47:45.349644,0101010101010101,Valid
INFO:root:2021-07-17 21:47:45.415323,ca71010101010101,Valid
ERROR:root:Frame 85,2021-07-17 21:47:45.498823,0101010101010101,Invalid,Length
INFO:root:2021-07-17 21:47:45.598012,4e776db957c6ec93,Valid
INFO:root:2021-07-17 21:47:45.696595,3eeecf4af51d0e01,Valid
ERROR:root:Frame 88,2021-07-17 21:47:45.808017,5c4d8227efa50101,Invalid,Rate
INFO:root:2021-07-17 21:47:45.897568,7324b17622cf05ea,Valid
INFO:root:2021-07-17 21:47:45.950496,12ab180101010101,Valid
INFO:root:2021-07-17 21:47:46.016470,0df458d0377ada01,Valid
INFO:root:2021-07-17 21:47:46.098784,0101010101010101,Valid
INFO:root:2021-07-17 21:47:46.180917,09bf74db33010101,Valid
INFO:root:2021-07-17 21:47:46.248522,bd95226033347054,Valid
INFO:root:2021-07-17 21:47:46.344024,8e2a370101010101,Valid
INFO:root:2021-07-17 21:47:46.414754,62b4ab8301010101,Valid
INFO:root:2021-07-17 21:47:46.497988,2239004f85895bff,Valid
ERROR:root:Frame 98,2021-07-17 21:47:46.614243,a0d28ce6f91345e8,Invalid,Rate and Length
ERROR:root:Frame 99,2021-07-17 21:47:46.714279,19c10cfa2b010101,Invalid,Rate
INFO:root:2021-07-17 21:47:46.768612,dda678e0e3010101,Valid
INFO:root:2021-07-17 21:47:46.849263,bda7054bb634aa01,Valid
INFO:root:2021-07-17 21:47:46.943412,b830e07f6e010101,Valid
ERROR:root:Frame 103,2021-07-17 21:47:47.051907,88d8fb91702c0101,Invalid,Rate
INFO:root:2021-07-17 21:47:47.113550,b0bd270101010101,Valid
INFO:root:2021-07-17 21:47:47.164499,0101010101010101,Valid
ERROR:root:Frame 106,2021-07-17 21:47:47.231065,68339ddd43890101,Invalid,Length
INFO:root:2021-07-17 21:47:47.312229,23c879db01010101,Valid
INFO:root:2021-07-17 21:47:47.391877,440e013945310101,Valid
INFO:root:2021-07-17 21:47:47.465080,8e3cb2ed4fe6a31e,Valid
ERROR:root:Frame 110,2021-07-17 21:47:47.567924,0101010101010101,Invalid,Rate
INFO:root:2021-07-17 21:47:47.619575,c42d81ca01010101,Valid
ERROR:root:Frame 112,2021-07-17 21:47:47.732135,08bb230101010101,Invalid,Rate
ERROR:root:Frame 113,2021-07-17 21:47:47.833935,9f6368d74a4c1f01,Invalid,Rate
INFO:root:2021-07-17 21:47:47.930991,ab729fdd690c1399,Valid
INFO:root:2021-07-17 21:47:48.030512,8ff519e8e8cad701,Valid
INFO:root:2021-07-17 21:47:48.095973,f2f444f701010101,Valid
INFO:root:2021-07-17 21:47:48.187628,c101010101010101,Valid
INFO:root:2021-07-17 21:47:48.282183,d6b465a9980a1aab,Valid
INFO:root:2021-07-17 21:47:48.365367,1de6341931010101,Valid
INFO:root:2021-07-17 21:47:48.431050,39780fdecc507aa3,Valid
INFO:root:2021-07-17 21:47:48.531027,a3794ea51f560101,Valid
INFO:root:2021-07-17 21:47:48.582196,8dcb37c801010101,Valid
ERROR:root:Frame 123,2021-07-17 21:47:48.699135,4c01010101010101,Invalid,Rate
ERROR:root:Frame 124,2021-07-17 21:47:48.763886,403d56e612bebdb9,Invalid,Length
INFO:root:2021-07-17 21:47:48.848264,ad01010101010101,Valid
ERROR:root:Frame 126,2021-07-17 21:47:48.948377,0101010101010101,Invalid,Rate
INFO:root:2021-07-17 21:47:49.044071,aa9f7fad66ce44f3,Valid
INFO:root:2021-07-17 21:47:49.114720,dc657abc36070101,Valid
ERROR:root:Frame 129,2021-07-17 21:47:49.230355,0101010101010101,Invalid,Rate and Length
INFO:root:2021-07-17 21:47:49.313749,2b107416fa134a5b,Valid
ERROR:root:Frame 131,2021-07-17 21:47:49.378410,0101010101010101,Invalid,Length
ERROR:root:Frame 132,2021-07-17 21:47:49.499119,c38b3d9801010101,Invalid,Rate
INFO:root:2021-07-17 21:47:49.581023,890e010101010101,Valid
INFO:root:2021-07-17 21:47:49.665591,8b1fb0576d010101,Valid
INFO:root:2021-07-17 21:47:49.758553,de4d3c0101010101,Valid
INFO:root:2021-07-17 21:47:49.836698,eb4d2f0101010101,Valid
INFO:root:2021-07-17 21:47:49.931341,5674193170c49f01,Valid
ERROR:root:Frame 138,2021-07-17 21:47:50.032325,0f74f80101010101,Invalid,Rate
INFO:root:2021-07-17 21:47:50.099044,0101010101010101,Valid
INFO:root:2021-07-17 21:47:50.164794,1501010101010101,Valid
INFO:root:2021-07-17 21:47:50.234385,d77bf30101010101,Valid
INFO:root:2021-07-17 21:47:50.315634,241d010101010101,Valid
INFO:root:2021-07-17 21:47:50.397783,4bb4e5de2b145401,Valid
INFO:root:2021-07-17 21:47:50.464425,cab4eafe9fc40101,Valid
INFO:root:2021-07-17 21:47:50.532263,d154010101010101,Valid
ERROR:root:Frame 146,2021-07-17 21:47:50.649291,54176599bf010101,Invalid,Rate
INFO:root:2021-07-17 21:47:50.748559,32d4010101010101,Valid
INFO:root:2021-07-17 21:47:50.847885,d740d9a80eef2901,Valid
ERROR:root:Frame 149,2021-07-17 21:47:50.949055,b555010101010101,Invalid,Rate and Length
INFO:root:2021-07-17 21:47:51.046541,dc3f981b3d010101,Valid
INFO:root:2021-07-17 21:47:51.131167,0101010101010101,Valid
INFO:root:2021-07-17 21:47:51.215746,ec931f6301010101,Valid
INFO:root:2021-07-17 21:47:51.280714,d9bf010101010101,Valid
INFO:root:2021-07-17 21:47:51.377616,146fafaeec350601,Valid
INFO:root:2021-07-17 21:47:51.448676,44e2010101010101,Valid
INFO:root:2021-07-17 21:47:51.531898,cf725aaed1010101,Valid
INFO:root:2021-07-17 21:47:51.613020,0d251349deb7d7ec,Valid
ERROR:root:Frame 158,2021-07-17 21:47:51.715831,ea263ccf10a10101,Invalid,Rate
